2025-11-28 12:04:41,324 [INFO] Activator:176 - 


2025-11-28 12:04:41,331 [INFO] Activator:177 - !SESSION log4j initialized
2025-11-28 12:04:59,030 [INFO] LogOutputStream:77 - [STDOUT_REDIRECT] 
2025-11-28 12:05:03,876 [INFO] ApplicationProperties:184 - Using Application install path: C:\ST\STM32CubeIDE_1.19.0\STM32CubeIDE\plugins\com.st.stm32cube.common.mx_6.15.0.202507011659
2025-11-28 12:05:03,953 [INFO] DbMcusXml:78 - Set database path to: C:\ST\STM32CubeIDE_1.19.0\STM32CubeIDE\plugins\com.st.stm32cube.common.mx_6.15.0.202507011659\\db\/mcu/
2025-11-28 12:05:03,954 [INFO] ApiDb:274 - Set plugin database path to: C:\ST\STM32CubeIDE_1.19.0\STM32CubeIDE\plugins\com.st.stm32cube.common.mx_6.15.0.202507011659\\db\/plugins/boardmanager/
2025-11-28 12:05:03,955 [WARN] ApiDb:259 - Overriding images path with different value:  => C:\ST\STM32CubeIDE_1.19.0\STM32CubeIDE\plugins\com.st.stm32cube.common.mx_6.15.0.202507011659\\db\/plugins/mcufinder/images/
2025-11-28 12:05:04,097 [INFO] ApiDb:250 - Set database path to: C:\Users\akhil\.stmcufinder\plugins\mcufinder//mcu/
2025-11-28 12:05:04,113 [INFO] DbMcusAds:125 - Set database path to: C:\Users\akhil\.stmcufinder\plugins\mcufinder//mcu/
2025-11-28 12:05:04,126 [INFO] CrossReferenceDbSqlite:203 - Set database path to: C:\Users\akhil\.stmcufinder\plugins\mcufinder//mcu/cs/
2025-11-28 12:05:04,927 [INFO] RulesReader:64 - Compatibility file has been processed (317 Rules)
2025-11-28 12:05:05,273 [INFO] DbMcusXml:78 - Set database path to: C:\ST\STM32CubeIDE_1.19.0\STM32CubeIDE\plugins\com.st.stm32cube.common.mx_6.15.0.202507011659\\db\/mcu/
2025-11-28 12:05:05,275 [INFO] ApiDb:274 - Set plugin database path to: C:\ST\STM32CubeIDE_1.19.0\STM32CubeIDE\plugins\com.st.stm32cube.common.mx_6.15.0.202507011659\\db\/plugins/boardmanager/
2025-11-28 12:05:05,276 [INFO] ApiDb:261 - Set plugin images path to: C:\ST\STM32CubeIDE_1.19.0\STM32CubeIDE\plugins\com.st.stm32cube.common.mx_6.15.0.202507011659\\db\/plugins/mcufinder/images/
2025-11-28 12:05:05,276 [WARN] DbFile:41 - Overriding database path with different value: C:\Users\akhil\.stmcufinder\plugins\mcufinder/ => C:\Users\akhil\.stmcufinder\plugins\mcufinder
2025-11-28 12:05:05,276 [INFO] ApiDb:250 - Set database path to: C:\Users\akhil\.stmcufinder\plugins\mcufinder//mcu/
2025-11-28 12:05:05,276 [WARN] DbFile:41 - Overriding database path with different value: C:\Users\akhil\.stmcufinder\plugins\mcufinder/ => C:\Users\akhil\.stmcufinder\plugins\mcufinder
2025-11-28 12:05:05,276 [INFO] DbMcusAds:125 - Set database path to: C:\Users\akhil\.stmcufinder\plugins\mcufinder//mcu/
2025-11-28 12:05:05,276 [WARN] DbFile:41 - Overriding database path with different value: C:\Users\akhil\.stmcufinder\plugins\mcufinder/ => C:\Users\akhil\.stmcufinder\plugins\mcufinder
2025-11-28 12:05:05,276 [WARN] DbFile:41 - Overriding database path with different value: C:\Users\akhil\.stmcufinder\plugins\mcufinder/ => C:\Users\akhil\.stmcufinder\plugins\mcufinder
2025-11-28 12:05:05,278 [INFO] CrossReferenceDbSqlite:203 - Set database path to: C:\Users\akhil\.stmcufinder\plugins\mcufinder//mcu/cs/
2025-11-28 12:05:05,587 [INFO] MainPanel:274 - HeapMemory: 268435456
2025-11-28 12:05:05,932 [INFO] DbMcusXml:78 - Set database path to: C:\ST\STM32CubeIDE_1.19.0\STM32CubeIDE\plugins\com.st.stm32cube.common.mx_6.15.0.202507011659\\db\/mcu/
2025-11-28 12:05:05,932 [INFO] ApiDb:274 - Set plugin database path to: C:\ST\STM32CubeIDE_1.19.0\STM32CubeIDE\plugins\com.st.stm32cube.common.mx_6.15.0.202507011659\\db\/plugins/boardmanager/
2025-11-28 12:05:05,932 [INFO] ApiDb:261 - Set plugin images path to: C:\ST\STM32CubeIDE_1.19.0\STM32CubeIDE\plugins\com.st.stm32cube.common.mx_6.15.0.202507011659\\db\/plugins/mcufinder/images/
2025-11-28 12:05:05,934 [WARN] DbFile:41 - Overriding database path with different value: C:\Users\akhil\.stmcufinder\plugins\mcufinder/ => C:\Users\akhil\.stmcufinder\plugins\mcufinder
2025-11-28 12:05:05,935 [INFO] ApiDb:250 - Set database path to: C:\Users\akhil\.stmcufinder\plugins\mcufinder//mcu/
2025-11-28 12:05:05,935 [WARN] DbFile:41 - Overriding database path with different value: C:\Users\akhil\.stmcufinder\plugins\mcufinder/ => C:\Users\akhil\.stmcufinder\plugins\mcufinder
2025-11-28 12:05:05,936 [INFO] DbMcusAds:125 - Set database path to: C:\Users\akhil\.stmcufinder\plugins\mcufinder//mcu/
2025-11-28 12:05:05,936 [WARN] DbFile:41 - Overriding database path with different value: C:\Users\akhil\.stmcufinder\plugins\mcufinder/ => C:\Users\akhil\.stmcufinder\plugins\mcufinder
2025-11-28 12:05:05,936 [WARN] DbFile:41 - Overriding database path with different value: C:\Users\akhil\.stmcufinder\plugins\mcufinder/ => C:\Users\akhil\.stmcufinder\plugins\mcufinder
2025-11-28 12:05:05,936 [INFO] CrossReferenceDbSqlite:203 - Set database path to: C:\Users\akhil\.stmcufinder\plugins\mcufinder//mcu/cs/
2025-11-28 12:05:05,996 [INFO] ApplicationProperties:184 - Using Application install path: C:\ST\STM32CubeIDE_1.19.0\STM32CubeIDE\plugins\com.st.stm32cube.common.mx_6.15.0.202507011659
2025-11-28 12:05:06,001 [INFO] PluginManage:196 - Search for loadable plugins [exclusion list=, ]
2025-11-28 12:05:06,004 [INFO] PluginManage:310 - Check plugin analytics
2025-11-28 12:05:06,748 [INFO] AnalyticsPlugin:253 - Accepted Software Licenses: 
2025-11-28 12:05:06,749 [INFO] AnalyticsPlugin:255 - Accepted CMSIS Pack Licenses: 
2025-11-28 12:05:06,749 [INFO] AnalyticsPlugin:257 - Accepted Firmware Licenses: 
2025-11-28 12:05:06,768 [INFO] PluginManage:359 - Loaded plugin analytics (category:tool,tabindex:-1)
2025-11-28 12:05:06,768 [INFO] PluginManage:310 - Check plugin cadmodel
2025-11-28 12:05:06,808 [INFO] CADModel:105 - Init CAD model plugin
2025-11-28 12:05:06,809 [INFO] PluginManage:359 - Loaded plugin cadmodel (category:power,tabindex:5)
2025-11-28 12:05:06,809 [INFO] PluginManage:310 - Check plugin clock
2025-11-28 12:05:06,858 [INFO] PluginManage:359 - Loaded plugin clock (category:base,tabindex:2)
2025-11-28 12:05:06,858 [INFO] PluginManage:310 - Check plugin ddr
2025-11-28 12:05:06,868 [INFO] PluginManage:359 - Loaded plugin ddr (category:tool,tabindex:6)
2025-11-28 12:05:06,870 [INFO] PluginManage:310 - Check plugin filemanager
2025-11-28 12:05:07,320 [INFO] PluginManage:359 - Loaded plugin filemanager (category:base,tabindex:10)
2025-11-28 12:05:07,321 [INFO] PluginManage:310 - Check plugin ipmanager
2025-11-28 12:05:07,351 [INFO] PluginManage:359 - Loaded plugin ipmanager (category:base,tabindex:5)
2025-11-28 12:05:07,351 [INFO] PluginManage:310 - Check plugin lpbam
2025-11-28 12:05:07,399 [INFO] PluginManage:359 - Loaded plugin lpbam (category:base,tabindex:0)
2025-11-28 12:05:07,399 [INFO] PluginManage:310 - Check plugin memorymap
2025-11-28 12:05:07,566 [INFO] PluginManage:359 - Loaded plugin memorymap (category:base,tabindex:4)
2025-11-28 12:05:07,568 [INFO] PluginManage:310 - Check plugin pinoutandconfiguration
2025-11-28 12:05:07,626 [INFO] PluginManage:359 - Loaded plugin pinoutandconfiguration (category:base,tabindex:1)
2025-11-28 12:05:07,627 [INFO] PluginManage:310 - Check plugin pinoutconfig
2025-11-28 12:05:08,017 [WARN] SupportedApi:132 - Cannot load RTOS API schema: s4s-elt-must-match.1: The content of 'definitions' must match (annotation?, (simpleType | complexType)?, (unique | key | keyref)*)). A problem was found starting at: attribute.
2025-11-28 12:05:08,386 [INFO] PluginManage:359 - Loaded plugin pinoutconfig (category:base,tabindex:0)
2025-11-28 12:05:08,387 [INFO] PluginManage:310 - Check plugin power
2025-11-28 12:05:08,455 [INFO] PluginManage:359 - Loaded plugin power (category:power,tabindex:4)
2025-11-28 12:05:08,455 [INFO] PluginManage:310 - Check plugin projectmanager
2025-11-28 12:05:08,504 [INFO] PluginManage:359 - Loaded plugin projectmanager (category:projectmanager,tabindex:4)
2025-11-28 12:05:08,504 [INFO] PluginManage:310 - Check plugin rif
2025-11-28 12:05:08,587 [INFO] PluginManage:359 - Loaded plugin rif (category:base,tabindex:3)
2025-11-28 12:05:08,589 [INFO] PluginManage:310 - Check plugin thirdparty
2025-11-28 12:05:09,697 [INFO] PluginManage:359 - Loaded plugin thirdparty (category:base,tabindex:-1)
2025-11-28 12:05:09,696 [WARN] IntegrityCheckThread:84 - waiting for thirdparty lock release [integrity check]
2025-11-28 12:05:09,697 [INFO] PluginManage:310 - Check plugin tools
2025-11-28 12:05:09,697 [INFO] IntegrityCheckThread:86 - entering critical section [integrity check]
2025-11-28 12:05:09,698 [INFO] ThirdPartyUpdaterWithRetryManager:70 - Updater plugin not ready yet. [1/15]
2025-11-28 12:05:09,832 [INFO] PluginManage:359 - Loaded plugin tools (category:base,tabindex:7)
2025-11-28 12:05:09,833 [INFO] PluginManage:310 - Check plugin tutovideos
2025-11-28 12:05:10,571 [INFO] PluginManage:359 - Loaded plugin tutovideos (category:base,tabindex:-1)
2025-11-28 12:05:10,571 [INFO] PluginManage:310 - Check plugin updater
2025-11-28 12:05:10,664 [INFO] PluginManage:359 - Loaded plugin updater (category:base,tabindex:12)
2025-11-28 12:05:10,666 [INFO] PluginManage:310 - Check plugin userauth
2025-11-28 12:05:10,683 [INFO] UserAuth:118 - Init User Auth plugin
2025-11-28 12:05:10,684 [INFO] PluginManage:359 - Loaded plugin userauth (category:base,tabindex:14)
2025-11-28 12:05:10,685 [INFO] PluginManage:283 - PluginManage : Loaded plugins [18]
2025-11-28 12:05:11,326 [INFO] PinOutPanel:1589 - setPackage(No Configuration,No Configuration)
2025-11-28 12:05:11,612 [INFO] CADModel:165 - CPN selected for project level
2025-11-28 12:05:11,613 [INFO] CADModel:114 - Register for checkConnection events
2025-11-28 12:05:11,675 [INFO] IPUIPlugin:80 - create IPUIPlugin
2025-11-28 12:05:11,675 [INFO] PluginManager:220 - loadIPPluginJar : add adc
2025-11-28 12:05:11,764 [INFO] IPUIPlugin:80 - create IPUIPlugin
2025-11-28 12:05:11,765 [INFO] PluginManager:220 - loadIPPluginJar : add aes
2025-11-28 12:05:11,875 [INFO] IPUIPlugin:80 - create IPUIPlugin
2025-11-28 12:05:11,875 [INFO] PluginManager:220 - loadIPPluginJar : add can
2025-11-28 12:05:11,935 [INFO] IPUIPlugin:80 - create IPUIPlugin
2025-11-28 12:05:11,936 [INFO] PluginManager:220 - loadIPPluginJar : add comp
2025-11-28 12:05:12,089 [INFO] IPUIPlugin:80 - create IPUIPlugin
2025-11-28 12:05:12,089 [INFO] PluginManager:220 - loadIPPluginJar : add cryp
2025-11-28 12:05:12,118 [INFO] IPUIPlugin:80 - create IPUIPlugin
2025-11-28 12:05:12,119 [INFO] PluginManager:220 - loadIPPluginJar : add ddr_ctrl_phy
2025-11-28 12:05:12,209 [INFO] IPUIPlugin:80 - create IPUIPlugin
2025-11-28 12:05:12,210 [INFO] PluginManager:220 - loadIPPluginJar : add dfsdm
2025-11-28 12:05:12,239 [INFO] IPUIPlugin:80 - create IPUIPlugin
2025-11-28 12:05:12,240 [INFO] PluginManager:220 - loadIPPluginJar : add dma
2025-11-28 12:05:12,375 [INFO] IPUIPlugin:80 - create IPUIPlugin
2025-11-28 12:05:12,375 [INFO] PluginManager:220 - loadIPPluginJar : add dma3
2025-11-28 12:05:12,534 [INFO] IPUIPlugin:80 - create IPUIPlugin
2025-11-28 12:05:12,534 [INFO] PluginManager:220 - loadIPPluginJar : add extmemmanager
2025-11-28 12:05:12,619 [INFO] IPUIPlugin:80 - create IPUIPlugin
2025-11-28 12:05:12,619 [INFO] PluginManager:220 - loadIPPluginJar : add fatfs
2025-11-28 12:05:12,705 [INFO] ThirdPartyUpdaterWithRetryManager:70 - Updater plugin not ready yet. [2/15]
2025-11-28 12:05:12,760 [INFO] IPUIPlugin:80 - create IPUIPlugin
2025-11-28 12:05:12,760 [INFO] PluginManager:220 - loadIPPluginJar : add fmc
2025-11-28 12:05:12,803 [INFO] IPUIPlugin:80 - create IPUIPlugin
2025-11-28 12:05:12,804 [INFO] PluginManager:220 - loadIPPluginJar : add freertos
2025-11-28 12:05:12,901 [INFO] IPUIPlugin:80 - create IPUIPlugin
2025-11-28 12:05:12,902 [INFO] PluginManager:220 - loadIPPluginJar : add genericplugin
2025-11-28 12:05:13,438 [INFO] IPUIPlugin:80 - create IPUIPlugin
2025-11-28 12:05:13,440 [INFO] PluginManager:220 - loadIPPluginJar : add gfxmmu
2025-11-28 12:05:13,960 [INFO] IPUIPlugin:80 - create IPUIPlugin
2025-11-28 12:05:13,960 [INFO] PluginManager:220 - loadIPPluginJar : add gic
2025-11-28 12:05:13,998 [INFO] IPUIPlugin:80 - create IPUIPlugin
2025-11-28 12:05:13,999 [INFO] PluginManager:220 - loadIPPluginJar : add gpio
2025-11-28 12:05:14,344 [INFO] IPUIPlugin:80 - create IPUIPlugin
2025-11-28 12:05:14,344 [INFO] PluginManager:220 - loadIPPluginJar : add gtzc
2025-11-28 12:05:14,473 [INFO] IPUIPlugin:80 - create IPUIPlugin
2025-11-28 12:05:14,473 [INFO] PluginManager:220 - loadIPPluginJar : add hash
2025-11-28 12:05:14,629 [INFO] IPUIPlugin:80 - create IPUIPlugin
2025-11-28 12:05:14,630 [INFO] PluginManager:220 - loadIPPluginJar : add i2c
2025-11-28 12:05:14,773 [INFO] IPUIPlugin:80 - create IPUIPlugin
2025-11-28 12:05:14,774 [INFO] PluginManager:220 - loadIPPluginJar : add i2s
2025-11-28 12:05:14,922 [INFO] IPUIPlugin:80 - create IPUIPlugin
2025-11-28 12:05:14,923 [INFO] PluginManager:220 - loadIPPluginJar : add i3c
2025-11-28 12:05:15,292 [INFO] IPUIPlugin:80 - create IPUIPlugin
2025-11-28 12:05:15,293 [INFO] PluginManager:220 - loadIPPluginJar : add ipddr
2025-11-28 12:05:15,712 [INFO] ThirdPartyUpdaterWithRetryManager:70 - Updater plugin not ready yet. [3/15]
2025-11-28 12:05:15,738 [INFO] IPUIPlugin:80 - create IPUIPlugin
2025-11-28 12:05:15,738 [INFO] PluginManager:220 - loadIPPluginJar : add linkedlist
2025-11-28 12:05:15,870 [INFO] IPUIPlugin:80 - create IPUIPlugin
2025-11-28 12:05:15,871 [INFO] PluginManager:220 - loadIPPluginJar : add lorawan
2025-11-28 12:05:16,021 [INFO] IPUIPlugin:80 - create IPUIPlugin
2025-11-28 12:05:16,021 [INFO] PluginManager:220 - loadIPPluginJar : add ltdc
2025-11-28 12:05:16,082 [INFO] IPUIPlugin:80 - create IPUIPlugin
2025-11-28 12:05:16,082 [INFO] PluginManager:220 - loadIPPluginJar : add mdma
2025-11-28 12:05:16,108 [INFO] IPUIPlugin:80 - create IPUIPlugin
2025-11-28 12:05:16,109 [INFO] PluginManager:220 - loadIPPluginJar : add nvic
2025-11-28 12:05:16,336 [INFO] IPUIPlugin:80 - create IPUIPlugin
2025-11-28 12:05:16,336 [INFO] PluginManager:220 - loadIPPluginJar : add opamp
2025-11-28 12:05:16,572 [INFO] IPUIPlugin:80 - create IPUIPlugin
2025-11-28 12:05:16,576 [INFO] PluginManager:220 - loadIPPluginJar : add openamp
2025-11-28 12:05:16,829 [INFO] IPUIPlugin:80 - create IPUIPlugin
2025-11-28 12:05:16,830 [INFO] PluginManager:220 - loadIPPluginJar : add pdm2pcm
2025-11-28 12:05:16,886 [INFO] IPUIPlugin:80 - create IPUIPlugin
2025-11-28 12:05:16,891 [INFO] PluginManager:220 - loadIPPluginJar : add plateformsettings
2025-11-28 12:05:16,993 [INFO] IPUIPlugin:80 - create IPUIPlugin
2025-11-28 12:05:16,993 [INFO] PluginManager:220 - loadIPPluginJar : add quadspi
2025-11-28 12:05:17,106 [INFO] IPUIPlugin:80 - create IPUIPlugin
2025-11-28 12:05:17,119 [INFO] PluginManager:220 - loadIPPluginJar : add radio
2025-11-28 12:05:17,182 [INFO] IPUIPlugin:80 - create IPUIPlugin
2025-11-28 12:05:17,182 [INFO] PluginManager:220 - loadIPPluginJar : add resmgrutility
2025-11-28 12:05:17,379 [INFO] IPUIPlugin:80 - create IPUIPlugin
2025-11-28 12:05:17,379 [INFO] PluginManager:220 - loadIPPluginJar : add sai
2025-11-28 12:05:17,629 [INFO] IPUIPlugin:80 - create IPUIPlugin
2025-11-28 12:05:17,629 [INFO] PluginManager:220 - loadIPPluginJar : add spi
2025-11-28 12:05:18,150 [INFO] IPUIPlugin:80 - create IPUIPlugin
2025-11-28 12:05:18,151 [INFO] PluginManager:220 - loadIPPluginJar : add stm32_wpan
2025-11-28 12:05:18,302 [INFO] IPUIPlugin:80 - create IPUIPlugin
2025-11-28 12:05:18,303 [INFO] PluginManager:220 - loadIPPluginJar : add tim
2025-11-28 12:05:18,580 [INFO] IPUIPlugin:80 - create IPUIPlugin
2025-11-28 12:05:18,581 [INFO] PluginManager:220 - loadIPPluginJar : add touchsensing
2025-11-28 12:05:18,678 [INFO] IPUIPlugin:80 - create IPUIPlugin
2025-11-28 12:05:18,678 [INFO] PluginManager:220 - loadIPPluginJar : add tracer_emb
2025-11-28 12:05:18,718 [INFO] ThirdPartyUpdaterWithRetryManager:70 - Updater plugin not ready yet. [4/15]
2025-11-28 12:05:18,806 [INFO] IPUIPlugin:80 - create IPUIPlugin
2025-11-28 12:05:18,807 [INFO] PluginManager:220 - loadIPPluginJar : add ts
2025-11-28 12:05:18,915 [INFO] IPUIPlugin:80 - create IPUIPlugin
2025-11-28 12:05:18,915 [INFO] PluginManager:220 - loadIPPluginJar : add tsc
2025-11-28 12:05:18,976 [INFO] IPUIPlugin:80 - create IPUIPlugin
2025-11-28 12:05:18,976 [INFO] PluginManager:220 - loadIPPluginJar : add ucpd
2025-11-28 12:05:19,123 [INFO] IPUIPlugin:80 - create IPUIPlugin
2025-11-28 12:05:19,124 [INFO] PluginManager:220 - loadIPPluginJar : add usart
2025-11-28 12:05:19,360 [INFO] IPUIPlugin:80 - create IPUIPlugin
2025-11-28 12:05:19,361 [INFO] PluginManager:220 - loadIPPluginJar : add usbx
2025-11-28 12:05:19,773 [FATAL] Updater:351 - Updater called before beeing initialized
2025-11-28 12:05:20,130 [INFO] RulesReader:64 - Compatibility file has been processed (317 Rules)
2025-11-28 12:05:20,293 [INFO] RulesReader:64 - Compatibility file has been processed (317 Rules)
2025-11-28 12:05:20,398 [INFO] CADModel:165 - CPN selected for project level
2025-11-28 12:05:20,398 [INFO] CADModel:114 - Register for checkConnection events
2025-11-28 12:05:20,400 [FATAL] Updater:351 - Updater called before beeing initialized
2025-11-28 12:05:20,400 [ERROR] CADModel:125 - Updater not yet initialized, retry later 
2025-11-28 12:05:20,922 [FATAL] Updater:351 - Updater called before beeing initialized
2025-11-28 12:05:20,927 [INFO] CADModel:165 - CPN selected for project level
2025-11-28 12:05:20,927 [INFO] CADModel:114 - Register for checkConnection events
2025-11-28 12:05:20,927 [FATAL] Updater:351 - Updater called before beeing initialized
2025-11-28 12:05:20,927 [ERROR] CADModel:125 - Updater not yet initialized, retry later 
2025-11-28 12:05:20,938 [FATAL] Updater:351 - Updater called before beeing initialized
2025-11-28 12:05:21,242 [FATAL] Updater:351 - Updater called before beeing initialized
2025-11-28 12:05:21,255 [INFO] DbMcusAds:53 - JSON generation date=Tue Jul 08 13:44:23 IST 2025 (1751962463524)
2025-11-28 12:05:21,255 [FATAL] Updater:351 - Updater called before beeing initialized
2025-11-28 12:05:21,416 [WARN] DetailPanel:346 - Failed to get advertising image, set to default
2025-11-28 12:05:21,714 [FATAL] Updater:351 - Updater called before beeing initialized
2025-11-28 12:05:21,723 [FATAL] Updater:351 - Updater called before beeing initialized
2025-11-28 12:05:21,723 [FATAL] Updater:351 - Updater called before beeing initialized
2025-11-28 12:05:21,724 [WARN] DetailPanel:346 - Failed to get advertising image, set to default
2025-11-28 12:05:21,729 [INFO] ThirdPartyUpdaterWithRetryManager:70 - Updater plugin not ready yet. [5/15]
2025-11-28 12:05:21,731 [FATAL] Updater:351 - Updater called before beeing initialized
2025-11-28 12:05:21,893 [ERROR] Updater:1198 - MainUpdater not yet initialized. External WinMGr cannot be set.
2025-11-28 12:05:21,902 [INFO] Updater:1134 - Updater Version found : 6.15.0
2025-11-28 12:05:21,956 [INFO] ApplicationProperties:184 - Using Application install path: C:\ST\STM32CubeIDE_1.19.0\STM32CubeIDE\plugins\com.st.stm32cube.common.mx_6.15.0.202507011659
2025-11-28 12:05:23,662 [ERROR] LogOutputStream:75 - [STDERR_REDIRECT] Nov 28, 2025 12:05:23 PM java.util.prefs.WindowsPreferences <init>
2025-11-28 12:05:23,666 [ERROR] LogOutputStream:75 - [STDERR_REDIRECT] WARNING: Could not open/create prefs root node Software\JavaSoft\Prefs at root 0xffffffff80000002. Windows RegCreateKeyEx(...) returned error code 5.
2025-11-28 12:05:23,666 [ERROR] LogOutputStream:75 - [STDERR_REDIRECT] 
2025-11-28 12:05:24,744 [FATAL] Updater:351 - Updater called before beeing initialized
2025-11-28 12:05:24,746 [ERROR] IntegrityCheckThread:130 - Cannot retrieve database content from updater: error 21
2025-11-28 12:05:24,748 [INFO] ThirdParty:978 - Integrity check success = false
2025-11-28 12:05:24,748 [INFO] IntegrityCheckThread:100 - exiting critical section [integrity check]
2025-11-28 12:05:24,749 [INFO] IntegrityCheckThread:103 - End integrity checks thread
2025-11-28 12:05:25,051 [INFO] MainUpdater:2872 - connection check result : 10
2025-11-28 12:05:25,051 [INFO] MainUpdater:3604 - Updater definition file requires update
2025-11-28 12:05:25,054 [INFO] MainUpdater:289 - Updater Check For Update Now.
2025-11-28 12:05:25,054 [INFO] MicroXplorer:498 - Change Database Version : DB.6.0.150
2025-11-28 12:05:25,070 [INFO] McuFinderGlobals:63 - Set McuFinder mode to 2 (CubeIDE integrated)
2025-11-28 12:05:25,071 [INFO] UserAuth:171 - activating auth plugin
2025-11-28 12:05:25,081 [INFO] UserAuth:487 - Internet connection configuration mode: 1
2025-11-28 12:05:25,120 [INFO] JxBrowserEngine:152 - Initiate JxBrowser Engine with user profile folder
2025-11-28 12:05:25,233 [INFO] ServerAccessManage:452 - Complete download http(s) 200
2025-11-28 12:05:25,234 [INFO] ServerAccessManage:509 - Download File updaters.zip
2025-11-28 12:05:25,739 [INFO] FileExtend:248 - Unzip File : updaters.zip
2025-11-28 12:05:25,740 [INFO] FileExtend:263 - Standard Zip Deflate
2025-11-28 12:05:27,560 [INFO] ServerAccessManage:452 - Complete download http(s) 200
2025-11-28 12:05:27,561 [INFO] ServerAccessManage:509 - Download File PacksControlFlags.xml
2025-11-28 12:05:27,931 [INFO] ServerAccessManage:452 - Complete download http(s) 200
2025-11-28 12:05:27,931 [INFO] ServerAccessManage:509 - Download File cubemx.pidx
2025-11-28 12:05:28,287 [INFO] WebApp:169 - Instantiating new browser for Auth
2025-11-28 12:05:29,983 [INFO] ServerAccessManage:452 - Complete download http(s) 200
2025-11-28 12:05:29,983 [INFO] ServerAccessManage:509 - Download File STMicroelectronics.FP-SNS-MOTENV1.pdsc
2025-11-28 12:05:32,133 [INFO] WebApp:463 - Apply proxy settings
2025-11-28 12:05:32,134 [INFO] WebApp:548 - Chromium requires no authentication
2025-11-28 12:05:32,180 [INFO] WebApp:491 - Direct internet connection detected
2025-11-28 12:05:32,274 [INFO] WebApp:900 - Register for checkConnection events
2025-11-28 12:05:32,275 [INFO] WebApp:463 - Apply proxy settings
2025-11-28 12:05:32,276 [INFO] WebApp:548 - Chromium requires no authentication
2025-11-28 12:05:32,279 [INFO] WebApp:491 - Direct internet connection detected
2025-11-28 12:05:32,400 [INFO] ServerAccessManage:452 - Complete download http(s) 200
2025-11-28 12:05:32,400 [INFO] ServerAccessManage:509 - Download File STMicroelectronics.X-CUBE-FREERTOS.pdsc
2025-11-28 12:05:32,682 [INFO] WebApp:225 - Starting web application
2025-11-28 12:05:32,682 [INFO] WebApp:593 - Web application path used C:\ST\STM32CubeIDE_1.19.0\STM32CubeIDE\plugins\com.st.stm32cube.common.mx_6.15.0.202507011659\db\plugins\mcufinder\reactClient1\index.html
2025-11-28 12:05:34,873 [INFO] ServerAccessManage:452 - Complete download http(s) 200
2025-11-28 12:05:34,875 [INFO] ServerAccessManage:509 - Download File STMicroelectronics.X-CUBE-GNSS1.pdsc
2025-11-28 12:05:34,899 [INFO] WebApp:191 - Connection restablished
2025-11-28 12:05:37,182 [ERROR] ServerAccessManage:1212 - Problem, file not found on Server
2025-11-28 12:05:37,685 [ERROR] ServerAccessManage:1212 - Problem, file not found on Server
2025-11-28 12:05:37,928 [ERROR] ServerAccessManage:1212 - Problem, file not found on Server
2025-11-28 12:05:38,155 [ERROR] ServerAccessManage:1212 - Problem, file not found on Server
2025-11-28 12:05:38,644 [ERROR] ServerAccessManage:1212 - Problem, file not found on Server
2025-11-28 12:05:38,879 [ERROR] ServerAccessManage:1212 - Problem, file not found on Server
2025-11-28 12:05:39,157 [INFO] ServerAccessManage:452 - Complete download http(s) 200
2025-11-28 12:05:39,158 [INFO] ServerAccessManage:509 - Download File STMicroelectronics.X-CUBE-IPS.pdsc
2025-11-28 12:05:40,489 [INFO] ServerAccessManage:452 - Complete download http(s) 200
2025-11-28 12:05:40,489 [INFO] ServerAccessManage:509 - Download File STMicroelectronics.X-CUBE-MEMS1.pdsc
2025-11-28 12:05:44,520 [INFO] ServerAccessManage:452 - Complete download http(s) 200
2025-11-28 12:05:44,520 [INFO] ServerAccessManage:509 - Download File STMicroelectronics.X-CUBE-ST60.pdsc
2025-11-28 12:05:44,888 [INFO] ServerAccessManage:452 - Complete download http(s) 200
2025-11-28 12:05:44,888 [INFO] ServerAccessManage:509 - Download File STMicroelectronics.X-CUBE-ST67W61.pdsc
2025-11-28 12:05:45,615 [INFO] ServerAccessManage:452 - Complete download http(s) 200
2025-11-28 12:05:45,615 [INFO] ServerAccessManage:509 - Download File STMicroelectronics.X-CUBE-AZRTOS-H7RS.pdsc
2025-11-28 12:05:47,957 [INFO] ServerAccessManage:452 - Complete download http(s) 200
2025-11-28 12:05:47,960 [INFO] ServerAccessManage:509 - Download File Avnet-IOTCONNECT.X-CUBE-iotc-st67-sdk.pdsc
2025-11-28 12:05:49,207 [WARN] PackLoader:240 - Cannot read IP mode file for STMicroelectronics.FP-SNS-MOTENV1.5.1.0
2025-11-28 12:05:49,290 [WARN] PackLoader:240 - Cannot read IP mode file for STMicroelectronics.X-CUBE-FREERTOS.1.4.0
2025-11-28 12:05:49,369 [WARN] PackLoader:240 - Cannot read IP mode file for STMicroelectronics.X-CUBE-GNSS1.7.1.0
2025-11-28 12:05:49,438 [WARN] PackLoader:240 - Cannot read IP mode file for STMicroelectronics.X-CUBE-IPS.3.2.0
2025-11-28 12:05:49,521 [INFO] CheckServerUpdateThread:120 - End of CheckServer Thread
2025-11-28 12:05:49,930 [WARN] PackLoader:240 - Cannot read IP mode file for STMicroelectronics.X-CUBE-MEMS1.12.0.0
2025-11-28 12:05:50,647 [WARN] PackLoader:240 - Cannot read IP mode file for STMicroelectronics.X-CUBE-ST60.1.1.0
2025-11-28 12:05:50,672 [WARN] PackLoader:240 - Cannot read IP mode file for STMicroelectronics.X-CUBE-ST67W61.1.1.0
2025-11-28 12:05:50,788 [WARN] PackLoader:240 - Cannot read IP mode file for STMicroelectronics.X-CUBE-AZRTOS-H7RS.1.2.0
2025-11-28 12:05:50,840 [INFO] PopulateThirdPartyThread:66 - Ending populate Thread
2025-11-28 12:05:50,848 [INFO] ThirdParty:1030 - CMSIS Pack Vendor :STMicroelectronics X-CUBE-FREERTOS 1.4.0
2025-11-28 12:05:50,848 [INFO] ThirdParty:1030 - CMSIS Pack Vendor :STMicroelectronics X-CUBE-ST67W61 1.1.0
2025-11-28 12:05:50,848 [INFO] ThirdParty:1030 - CMSIS Pack Vendor :STMicroelectronics X-CUBE-IPS 3.2.0
2025-11-28 12:05:50,848 [INFO] ThirdParty:1030 - CMSIS Pack Vendor :STMicroelectronics X-CUBE-ST60 1.1.0
2025-11-28 12:05:50,848 [INFO] ThirdParty:1030 - CMSIS Pack Vendor :STMicroelectronics X-CUBE-MEMS1 12.0.0
2025-11-28 12:05:50,848 [INFO] ThirdParty:1030 - CMSIS Pack Vendor :STMicroelectronics X-CUBE-GNSS1 7.1.0
2025-11-28 12:05:50,849 [INFO] ThirdParty:1030 - CMSIS Pack Vendor :Avnet-IOTCONNECT X-CUBE-iotc-st67-sdk 1.0.0
2025-11-28 12:05:50,849 [INFO] ThirdParty:1030 - CMSIS Pack Vendor :STMicroelectronics FP-SNS-MOTENV1 5.1.0
2025-11-28 12:05:50,849 [INFO] ThirdParty:1030 - CMSIS Pack Vendor :STMicroelectronics X-CUBE-AZRTOS-H7RS 1.2.0
2025-11-28 12:05:50,849 [INFO] LoadServerUpdatesThread:375 - End of LoadServerUpdate Thread
2025-11-28 12:14:00,456 [ERROR] LogOutputStream:75 - [STDERR_REDIRECT] 
2025-11-28 12:14:00,463 [ERROR] LogOutputStream:75 - [STDERR_REDIRECT] 
