2025-12-12 21:06:16,157 [INFO] Activator:176 - 


2025-12-12 21:06:16,167 [INFO] Activator:177 - !SESSION log4j initialized
2025-12-12 21:06:25,277 [INFO] LogOutputStream:77 - [STDOUT_REDIRECT] 
2025-12-12 21:06:30,669 [INFO] ApplicationProperties:184 - Using Application install path: C:\ST\STM32CubeIDE_1.19.0\STM32CubeIDE\plugins\com.st.stm32cube.common.mx_6.15.0.202507011659
2025-12-12 21:06:30,718 [INFO] DbMcusXml:78 - Set database path to: C:\ST\STM32CubeIDE_1.19.0\STM32CubeIDE\plugins\com.st.stm32cube.common.mx_6.15.0.202507011659\\db\/mcu/
2025-12-12 21:06:30,720 [INFO] ApiDb:274 - Set plugin database path to: C:\ST\STM32CubeIDE_1.19.0\STM32CubeIDE\plugins\com.st.stm32cube.common.mx_6.15.0.202507011659\\db\/plugins/boardmanager/
2025-12-12 21:06:30,720 [WARN] ApiDb:259 - Overriding images path with different value:  => C:\ST\STM32CubeIDE_1.19.0\STM32CubeIDE\plugins\com.st.stm32cube.common.mx_6.15.0.202507011659\\db\/plugins/mcufinder/images/
2025-12-12 21:06:30,733 [INFO] ApiDb:250 - Set database path to: C:\Users\akhil\.stmcufinder\plugins\mcufinder//mcu/
2025-12-12 21:06:30,748 [INFO] DbMcusAds:125 - Set database path to: C:\Users\akhil\.stmcufinder\plugins\mcufinder//mcu/
2025-12-12 21:06:30,755 [INFO] CrossReferenceDbSqlite:203 - Set database path to: C:\Users\akhil\.stmcufinder\plugins\mcufinder//mcu/cs/
2025-12-12 21:06:31,053 [INFO] RulesReader:64 - Compatibility file has been processed (317 Rules)
2025-12-12 21:06:31,268 [INFO] DbMcusXml:78 - Set database path to: C:\ST\STM32CubeIDE_1.19.0\STM32CubeIDE\plugins\com.st.stm32cube.common.mx_6.15.0.202507011659\\db\/mcu/
2025-12-12 21:06:31,268 [INFO] ApiDb:274 - Set plugin database path to: C:\ST\STM32CubeIDE_1.19.0\STM32CubeIDE\plugins\com.st.stm32cube.common.mx_6.15.0.202507011659\\db\/plugins/boardmanager/
2025-12-12 21:06:31,268 [INFO] ApiDb:261 - Set plugin images path to: C:\ST\STM32CubeIDE_1.19.0\STM32CubeIDE\plugins\com.st.stm32cube.common.mx_6.15.0.202507011659\\db\/plugins/mcufinder/images/
2025-12-12 21:06:31,270 [WARN] DbFile:41 - Overriding database path with different value: C:\Users\akhil\.stmcufinder\plugins\mcufinder/ => C:\Users\akhil\.stmcufinder\plugins\mcufinder
2025-12-12 21:06:31,271 [INFO] ApiDb:250 - Set database path to: C:\Users\akhil\.stmcufinder\plugins\mcufinder//mcu/
2025-12-12 21:06:31,271 [WARN] DbFile:41 - Overriding database path with different value: C:\Users\akhil\.stmcufinder\plugins\mcufinder/ => C:\Users\akhil\.stmcufinder\plugins\mcufinder
2025-12-12 21:06:31,271 [INFO] DbMcusAds:125 - Set database path to: C:\Users\akhil\.stmcufinder\plugins\mcufinder//mcu/
2025-12-12 21:06:31,271 [WARN] DbFile:41 - Overriding database path with different value: C:\Users\akhil\.stmcufinder\plugins\mcufinder/ => C:\Users\akhil\.stmcufinder\plugins\mcufinder
2025-12-12 21:06:31,271 [WARN] DbFile:41 - Overriding database path with different value: C:\Users\akhil\.stmcufinder\plugins\mcufinder/ => C:\Users\akhil\.stmcufinder\plugins\mcufinder
2025-12-12 21:06:31,271 [INFO] CrossReferenceDbSqlite:203 - Set database path to: C:\Users\akhil\.stmcufinder\plugins\mcufinder//mcu/cs/
2025-12-12 21:06:31,440 [INFO] MainPanel:274 - HeapMemory: 268435456
2025-12-12 21:06:31,649 [INFO] DbMcusXml:78 - Set database path to: C:\ST\STM32CubeIDE_1.19.0\STM32CubeIDE\plugins\com.st.stm32cube.common.mx_6.15.0.202507011659\\db\/mcu/
2025-12-12 21:06:31,649 [INFO] ApiDb:274 - Set plugin database path to: C:\ST\STM32CubeIDE_1.19.0\STM32CubeIDE\plugins\com.st.stm32cube.common.mx_6.15.0.202507011659\\db\/plugins/boardmanager/
2025-12-12 21:06:31,649 [INFO] ApiDb:261 - Set plugin images path to: C:\ST\STM32CubeIDE_1.19.0\STM32CubeIDE\plugins\com.st.stm32cube.common.mx_6.15.0.202507011659\\db\/plugins/mcufinder/images/
2025-12-12 21:06:31,649 [WARN] DbFile:41 - Overriding database path with different value: C:\Users\akhil\.stmcufinder\plugins\mcufinder/ => C:\Users\akhil\.stmcufinder\plugins\mcufinder
2025-12-12 21:06:31,649 [INFO] ApiDb:250 - Set database path to: C:\Users\akhil\.stmcufinder\plugins\mcufinder//mcu/
2025-12-12 21:06:31,649 [WARN] DbFile:41 - Overriding database path with different value: C:\Users\akhil\.stmcufinder\plugins\mcufinder/ => C:\Users\akhil\.stmcufinder\plugins\mcufinder
2025-12-12 21:06:31,649 [INFO] DbMcusAds:125 - Set database path to: C:\Users\akhil\.stmcufinder\plugins\mcufinder//mcu/
2025-12-12 21:06:31,649 [WARN] DbFile:41 - Overriding database path with different value: C:\Users\akhil\.stmcufinder\plugins\mcufinder/ => C:\Users\akhil\.stmcufinder\plugins\mcufinder
2025-12-12 21:06:31,649 [WARN] DbFile:41 - Overriding database path with different value: C:\Users\akhil\.stmcufinder\plugins\mcufinder/ => C:\Users\akhil\.stmcufinder\plugins\mcufinder
2025-12-12 21:06:31,649 [INFO] CrossReferenceDbSqlite:203 - Set database path to: C:\Users\akhil\.stmcufinder\plugins\mcufinder//mcu/cs/
2025-12-12 21:06:31,692 [INFO] ApplicationProperties:184 - Using Application install path: C:\ST\STM32CubeIDE_1.19.0\STM32CubeIDE\plugins\com.st.stm32cube.common.mx_6.15.0.202507011659
2025-12-12 21:06:31,696 [INFO] PluginManage:196 - Search for loadable plugins [exclusion list=, ]
2025-12-12 21:06:31,696 [INFO] PluginManage:310 - Check plugin analytics
2025-12-12 21:06:32,149 [INFO] AnalyticsPlugin:253 - Accepted Software Licenses: 
2025-12-12 21:06:32,152 [INFO] AnalyticsPlugin:255 - Accepted CMSIS Pack Licenses: 
2025-12-12 21:06:32,152 [INFO] AnalyticsPlugin:257 - Accepted Firmware Licenses: FW.F4.1.28.0
2025-12-12 21:06:32,160 [INFO] PluginManage:359 - Loaded plugin analytics (category:tool,tabindex:-1)
2025-12-12 21:06:32,160 [INFO] PluginManage:310 - Check plugin cadmodel
2025-12-12 21:06:32,191 [INFO] CADModel:105 - Init CAD model plugin
2025-12-12 21:06:32,191 [INFO] PluginManage:359 - Loaded plugin cadmodel (category:power,tabindex:5)
2025-12-12 21:06:32,191 [INFO] PluginManage:310 - Check plugin clock
2025-12-12 21:06:32,231 [INFO] PluginManage:359 - Loaded plugin clock (category:base,tabindex:2)
2025-12-12 21:06:32,231 [INFO] PluginManage:310 - Check plugin ddr
2025-12-12 21:06:32,235 [INFO] PluginManage:359 - Loaded plugin ddr (category:tool,tabindex:6)
2025-12-12 21:06:32,235 [INFO] PluginManage:310 - Check plugin filemanager
2025-12-12 21:06:32,524 [INFO] PluginManage:359 - Loaded plugin filemanager (category:base,tabindex:10)
2025-12-12 21:06:32,526 [INFO] PluginManage:310 - Check plugin ipmanager
2025-12-12 21:06:32,545 [INFO] PluginManage:359 - Loaded plugin ipmanager (category:base,tabindex:5)
2025-12-12 21:06:32,546 [INFO] PluginManage:310 - Check plugin lpbam
2025-12-12 21:06:32,576 [INFO] PluginManage:359 - Loaded plugin lpbam (category:base,tabindex:0)
2025-12-12 21:06:32,577 [INFO] PluginManage:310 - Check plugin memorymap
2025-12-12 21:06:32,632 [INFO] PluginManage:359 - Loaded plugin memorymap (category:base,tabindex:4)
2025-12-12 21:06:32,632 [INFO] PluginManage:310 - Check plugin pinoutandconfiguration
2025-12-12 21:06:32,686 [INFO] PluginManage:359 - Loaded plugin pinoutandconfiguration (category:base,tabindex:1)
2025-12-12 21:06:32,686 [INFO] PluginManage:310 - Check plugin pinoutconfig
2025-12-12 21:06:32,942 [WARN] SupportedApi:132 - Cannot load RTOS API schema: s4s-elt-must-match.1: The content of 'definitions' must match (annotation?, (simpleType | complexType)?, (unique | key | keyref)*)). A problem was found starting at: attribute.
2025-12-12 21:06:33,247 [INFO] PluginManage:359 - Loaded plugin pinoutconfig (category:base,tabindex:0)
2025-12-12 21:06:33,247 [INFO] PluginManage:310 - Check plugin power
2025-12-12 21:06:33,307 [INFO] PluginManage:359 - Loaded plugin power (category:power,tabindex:4)
2025-12-12 21:06:33,309 [INFO] PluginManage:310 - Check plugin projectmanager
2025-12-12 21:06:33,357 [INFO] PluginManage:359 - Loaded plugin projectmanager (category:projectmanager,tabindex:4)
2025-12-12 21:06:33,358 [INFO] PluginManage:310 - Check plugin rif
2025-12-12 21:06:33,415 [INFO] PluginManage:359 - Loaded plugin rif (category:base,tabindex:3)
2025-12-12 21:06:33,417 [INFO] PluginManage:310 - Check plugin thirdparty
2025-12-12 21:06:34,168 [WARN] IntegrityCheckThread:84 - waiting for thirdparty lock release [integrity check]
2025-12-12 21:06:34,168 [INFO] PluginManage:359 - Loaded plugin thirdparty (category:base,tabindex:-1)
2025-12-12 21:06:34,168 [INFO] IntegrityCheckThread:86 - entering critical section [integrity check]
2025-12-12 21:06:34,168 [INFO] PluginManage:310 - Check plugin tools
2025-12-12 21:06:34,170 [INFO] ThirdPartyUpdaterWithRetryManager:70 - Updater plugin not ready yet. [1/15]
2025-12-12 21:06:34,282 [INFO] PluginManage:359 - Loaded plugin tools (category:base,tabindex:7)
2025-12-12 21:06:34,282 [INFO] PluginManage:310 - Check plugin tutovideos
2025-12-12 21:06:34,850 [INFO] PluginManage:359 - Loaded plugin tutovideos (category:base,tabindex:-1)
2025-12-12 21:06:34,850 [INFO] PluginManage:310 - Check plugin updater
2025-12-12 21:06:34,904 [INFO] PluginManage:359 - Loaded plugin updater (category:base,tabindex:12)
2025-12-12 21:06:34,904 [INFO] PluginManage:310 - Check plugin userauth
2025-12-12 21:06:34,915 [INFO] UserAuth:118 - Init User Auth plugin
2025-12-12 21:06:34,918 [INFO] PluginManage:359 - Loaded plugin userauth (category:base,tabindex:14)
2025-12-12 21:06:34,918 [INFO] PluginManage:283 - PluginManage : Loaded plugins [18]
2025-12-12 21:06:35,488 [INFO] PinOutPanel:1589 - setPackage(No Configuration,No Configuration)
2025-12-12 21:06:35,719 [INFO] CADModel:165 - CPN selected for project level
2025-12-12 21:06:35,719 [INFO] CADModel:114 - Register for checkConnection events
2025-12-12 21:06:35,803 [INFO] IPUIPlugin:80 - create IPUIPlugin
2025-12-12 21:06:35,803 [INFO] PluginManager:220 - loadIPPluginJar : add adc
2025-12-12 21:06:35,924 [INFO] IPUIPlugin:80 - create IPUIPlugin
2025-12-12 21:06:35,924 [INFO] PluginManager:220 - loadIPPluginJar : add aes
2025-12-12 21:06:36,047 [INFO] IPUIPlugin:80 - create IPUIPlugin
2025-12-12 21:06:36,047 [INFO] PluginManager:220 - loadIPPluginJar : add can
2025-12-12 21:06:36,120 [INFO] IPUIPlugin:80 - create IPUIPlugin
2025-12-12 21:06:36,120 [INFO] PluginManager:220 - loadIPPluginJar : add comp
2025-12-12 21:06:36,212 [INFO] IPUIPlugin:80 - create IPUIPlugin
2025-12-12 21:06:36,214 [INFO] PluginManager:220 - loadIPPluginJar : add cryp
2025-12-12 21:06:36,245 [INFO] IPUIPlugin:80 - create IPUIPlugin
2025-12-12 21:06:36,245 [INFO] PluginManager:220 - loadIPPluginJar : add ddr_ctrl_phy
2025-12-12 21:06:36,314 [INFO] IPUIPlugin:80 - create IPUIPlugin
2025-12-12 21:06:36,314 [INFO] PluginManager:220 - loadIPPluginJar : add dfsdm
2025-12-12 21:06:36,343 [INFO] IPUIPlugin:80 - create IPUIPlugin
2025-12-12 21:06:36,343 [INFO] PluginManager:220 - loadIPPluginJar : add dma
2025-12-12 21:06:36,454 [INFO] IPUIPlugin:80 - create IPUIPlugin
2025-12-12 21:06:36,454 [INFO] PluginManager:220 - loadIPPluginJar : add dma3
2025-12-12 21:06:36,586 [INFO] IPUIPlugin:80 - create IPUIPlugin
2025-12-12 21:06:36,586 [INFO] PluginManager:220 - loadIPPluginJar : add extmemmanager
2025-12-12 21:06:36,665 [INFO] IPUIPlugin:80 - create IPUIPlugin
2025-12-12 21:06:36,665 [INFO] PluginManager:220 - loadIPPluginJar : add fatfs
2025-12-12 21:06:36,806 [INFO] IPUIPlugin:80 - create IPUIPlugin
2025-12-12 21:06:36,806 [INFO] PluginManager:220 - loadIPPluginJar : add fmc
2025-12-12 21:06:36,860 [INFO] IPUIPlugin:80 - create IPUIPlugin
2025-12-12 21:06:36,860 [INFO] PluginManager:220 - loadIPPluginJar : add freertos
2025-12-12 21:06:36,938 [INFO] IPUIPlugin:80 - create IPUIPlugin
2025-12-12 21:06:36,938 [INFO] PluginManager:220 - loadIPPluginJar : add genericplugin
2025-12-12 21:06:37,172 [INFO] ThirdPartyUpdaterWithRetryManager:70 - Updater plugin not ready yet. [2/15]
2025-12-12 21:06:37,294 [INFO] IPUIPlugin:80 - create IPUIPlugin
2025-12-12 21:06:37,295 [INFO] PluginManager:220 - loadIPPluginJar : add gfxmmu
2025-12-12 21:06:37,720 [INFO] IPUIPlugin:80 - create IPUIPlugin
2025-12-12 21:06:37,720 [INFO] PluginManager:220 - loadIPPluginJar : add gic
2025-12-12 21:06:37,757 [INFO] IPUIPlugin:80 - create IPUIPlugin
2025-12-12 21:06:37,757 [INFO] PluginManager:220 - loadIPPluginJar : add gpio
2025-12-12 21:06:38,032 [INFO] IPUIPlugin:80 - create IPUIPlugin
2025-12-12 21:06:38,032 [INFO] PluginManager:220 - loadIPPluginJar : add gtzc
2025-12-12 21:06:38,152 [INFO] IPUIPlugin:80 - create IPUIPlugin
2025-12-12 21:06:38,152 [INFO] PluginManager:220 - loadIPPluginJar : add hash
2025-12-12 21:06:38,333 [INFO] IPUIPlugin:80 - create IPUIPlugin
2025-12-12 21:06:38,333 [INFO] PluginManager:220 - loadIPPluginJar : add i2c
2025-12-12 21:06:38,462 [INFO] IPUIPlugin:80 - create IPUIPlugin
2025-12-12 21:06:38,462 [INFO] PluginManager:220 - loadIPPluginJar : add i2s
2025-12-12 21:06:38,590 [INFO] IPUIPlugin:80 - create IPUIPlugin
2025-12-12 21:06:38,595 [INFO] PluginManager:220 - loadIPPluginJar : add i3c
2025-12-12 21:06:38,855 [INFO] IPUIPlugin:80 - create IPUIPlugin
2025-12-12 21:06:38,855 [INFO] PluginManager:220 - loadIPPluginJar : add ipddr
2025-12-12 21:06:39,010 [INFO] IPUIPlugin:80 - create IPUIPlugin
2025-12-12 21:06:39,010 [INFO] PluginManager:220 - loadIPPluginJar : add linkedlist
2025-12-12 21:06:39,070 [INFO] IPUIPlugin:80 - create IPUIPlugin
2025-12-12 21:06:39,070 [INFO] PluginManager:220 - loadIPPluginJar : add lorawan
2025-12-12 21:06:39,157 [INFO] IPUIPlugin:80 - create IPUIPlugin
2025-12-12 21:06:39,157 [INFO] PluginManager:220 - loadIPPluginJar : add ltdc
2025-12-12 21:06:39,184 [INFO] IPUIPlugin:80 - create IPUIPlugin
2025-12-12 21:06:39,184 [INFO] PluginManager:220 - loadIPPluginJar : add mdma
2025-12-12 21:06:39,214 [INFO] IPUIPlugin:80 - create IPUIPlugin
2025-12-12 21:06:39,214 [INFO] PluginManager:220 - loadIPPluginJar : add nvic
2025-12-12 21:06:39,335 [INFO] IPUIPlugin:80 - create IPUIPlugin
2025-12-12 21:06:39,335 [INFO] PluginManager:220 - loadIPPluginJar : add opamp
2025-12-12 21:06:39,448 [INFO] IPUIPlugin:80 - create IPUIPlugin
2025-12-12 21:06:39,448 [INFO] PluginManager:220 - loadIPPluginJar : add openamp
2025-12-12 21:06:39,560 [INFO] IPUIPlugin:80 - create IPUIPlugin
2025-12-12 21:06:39,560 [INFO] PluginManager:220 - loadIPPluginJar : add pdm2pcm
2025-12-12 21:06:39,588 [INFO] IPUIPlugin:80 - create IPUIPlugin
2025-12-12 21:06:39,592 [INFO] PluginManager:220 - loadIPPluginJar : add plateformsettings
2025-12-12 21:06:39,664 [INFO] IPUIPlugin:80 - create IPUIPlugin
2025-12-12 21:06:39,664 [INFO] PluginManager:220 - loadIPPluginJar : add quadspi
2025-12-12 21:06:39,715 [INFO] IPUIPlugin:80 - create IPUIPlugin
2025-12-12 21:06:39,717 [INFO] PluginManager:220 - loadIPPluginJar : add radio
2025-12-12 21:06:39,747 [INFO] IPUIPlugin:80 - create IPUIPlugin
2025-12-12 21:06:39,747 [INFO] PluginManager:220 - loadIPPluginJar : add resmgrutility
2025-12-12 21:06:39,832 [INFO] IPUIPlugin:80 - create IPUIPlugin
2025-12-12 21:06:39,832 [INFO] PluginManager:220 - loadIPPluginJar : add sai
2025-12-12 21:06:39,912 [INFO] IPUIPlugin:80 - create IPUIPlugin
2025-12-12 21:06:39,912 [INFO] PluginManager:220 - loadIPPluginJar : add spi
2025-12-12 21:06:40,182 [INFO] ThirdPartyUpdaterWithRetryManager:70 - Updater plugin not ready yet. [3/15]
2025-12-12 21:06:40,183 [INFO] IPUIPlugin:80 - create IPUIPlugin
2025-12-12 21:06:40,183 [INFO] PluginManager:220 - loadIPPluginJar : add stm32_wpan
2025-12-12 21:06:40,274 [INFO] IPUIPlugin:80 - create IPUIPlugin
2025-12-12 21:06:40,274 [INFO] PluginManager:220 - loadIPPluginJar : add tim
2025-12-12 21:06:40,442 [INFO] IPUIPlugin:80 - create IPUIPlugin
2025-12-12 21:06:40,442 [INFO] PluginManager:220 - loadIPPluginJar : add touchsensing
2025-12-12 21:06:40,521 [INFO] IPUIPlugin:80 - create IPUIPlugin
2025-12-12 21:06:40,521 [INFO] PluginManager:220 - loadIPPluginJar : add tracer_emb
2025-12-12 21:06:40,594 [INFO] IPUIPlugin:80 - create IPUIPlugin
2025-12-12 21:06:40,594 [INFO] PluginManager:220 - loadIPPluginJar : add ts
2025-12-12 21:06:40,667 [INFO] IPUIPlugin:80 - create IPUIPlugin
2025-12-12 21:06:40,667 [INFO] PluginManager:220 - loadIPPluginJar : add tsc
2025-12-12 21:06:40,727 [INFO] IPUIPlugin:80 - create IPUIPlugin
2025-12-12 21:06:40,727 [INFO] PluginManager:220 - loadIPPluginJar : add ucpd
2025-12-12 21:06:40,871 [INFO] IPUIPlugin:80 - create IPUIPlugin
2025-12-12 21:06:40,871 [INFO] PluginManager:220 - loadIPPluginJar : add usart
2025-12-12 21:06:41,006 [INFO] IPUIPlugin:80 - create IPUIPlugin
2025-12-12 21:06:41,006 [INFO] PluginManager:220 - loadIPPluginJar : add usbx
2025-12-12 21:06:41,227 [FATAL] Updater:351 - Updater called before beeing initialized
2025-12-12 21:06:41,268 [INFO] RulesReader:64 - Compatibility file has been processed (317 Rules)
2025-12-12 21:06:41,296 [INFO] RulesReader:64 - Compatibility file has been processed (317 Rules)
2025-12-12 21:06:41,310 [INFO] CADModel:165 - CPN selected for project level
2025-12-12 21:06:41,310 [INFO] CADModel:114 - Register for checkConnection events
2025-12-12 21:06:41,310 [FATAL] Updater:351 - Updater called before beeing initialized
2025-12-12 21:06:41,310 [ERROR] CADModel:125 - Updater not yet initialized, retry later 
2025-12-12 21:06:41,693 [FATAL] Updater:351 - Updater called before beeing initialized
2025-12-12 21:06:41,701 [INFO] CADModel:165 - CPN selected for project level
2025-12-12 21:06:41,703 [INFO] CADModel:114 - Register for checkConnection events
2025-12-12 21:06:41,704 [FATAL] Updater:351 - Updater called before beeing initialized
2025-12-12 21:06:41,704 [ERROR] CADModel:125 - Updater not yet initialized, retry later 
2025-12-12 21:06:41,710 [FATAL] Updater:351 - Updater called before beeing initialized
2025-12-12 21:06:42,220 [FATAL] Updater:351 - Updater called before beeing initialized
2025-12-12 21:06:42,251 [INFO] DbMcusAds:53 - JSON generation date=Mon Dec 08 18:57:27 IST 2025 (1765200447600)
2025-12-12 21:06:42,251 [FATAL] Updater:351 - Updater called before beeing initialized
2025-12-12 21:06:42,323 [WARN] DetailPanel:346 - Failed to get advertising image, set to default
2025-12-12 21:06:42,494 [FATAL] Updater:351 - Updater called before beeing initialized
2025-12-12 21:06:42,496 [FATAL] Updater:351 - Updater called before beeing initialized
2025-12-12 21:06:42,498 [FATAL] Updater:351 - Updater called before beeing initialized
2025-12-12 21:06:42,498 [WARN] DetailPanel:346 - Failed to get advertising image, set to default
2025-12-12 21:06:42,498 [FATAL] Updater:351 - Updater called before beeing initialized
2025-12-12 21:06:42,628 [ERROR] Updater:1198 - MainUpdater not yet initialized. External WinMGr cannot be set.
2025-12-12 21:06:42,662 [INFO] Updater:1134 - Updater Version found : 6.15.0
2025-12-12 21:06:42,702 [INFO] ApplicationProperties:184 - Using Application install path: C:\ST\STM32CubeIDE_1.19.0\STM32CubeIDE\plugins\com.st.stm32cube.common.mx_6.15.0.202507011659
2025-12-12 21:06:43,184 [INFO] ThirdPartyUpdaterWithRetryManager:70 - Updater plugin not ready yet. [4/15]
2025-12-12 21:06:44,357 [ERROR] LogOutputStream:75 - [STDERR_REDIRECT] Dec 12, 2025 9:06:44 PM java.util.prefs.WindowsPreferences <init>
2025-12-12 21:06:44,359 [ERROR] LogOutputStream:75 - [STDERR_REDIRECT] WARNING: Could not open/create prefs root node Software\JavaSoft\Prefs at root 0xffffffff80000002. Windows RegCreateKeyEx(...) returned error code 5.
2025-12-12 21:06:44,359 [ERROR] LogOutputStream:75 - [STDERR_REDIRECT] 
2025-12-12 21:06:46,089 [INFO] MainUpdater:2872 - connection check result : 10
2025-12-12 21:06:46,090 [INFO] MainUpdater:289 - Updater Check For Update Now.
2025-12-12 21:06:46,090 [INFO] MicroXplorer:498 - Change Database Version : DB.6.0.150
2025-12-12 21:06:46,204 [WARN] MainUpdater:1193 - Updater busy. Cannot search thirdparties
2025-12-12 21:06:46,204 [INFO] ThirdPartyUpdaterWithRetryManager:96 - Updater plugin is busy. [1/15]
2025-12-12 21:06:46,334 [INFO] McuFinderGlobals:63 - Set McuFinder mode to 2 (CubeIDE integrated)
2025-12-12 21:06:46,363 [INFO] UserAuth:487 - Internet connection configuration mode: 1
2025-12-12 21:06:46,609 [INFO] JxBrowserEngine:152 - Initiate JxBrowser Engine with user profile folder
2025-12-12 21:06:47,333 [INFO] CheckServerUpdateThread:120 - End of CheckServer Thread
2025-12-12 21:06:49,957 [INFO] WebApp:169 - Instantiating new browser for Auth
2025-12-12 21:06:50,524 [WARN] PackLoader:240 - Cannot read IP mode file for STMicroelectronics.FP-SNS-MOTENVWB1.1.4.0
2025-12-12 21:06:50,555 [WARN] PackLoader:240 - Cannot read IP mode file for STMicroelectronics.FP-ATR-ASTRA1.2.0.2
2025-12-12 21:06:50,585 [WARN] PackLoader:240 - Cannot read IP mode file for STMicroelectronics.X-CUBE-SMBUS.2.1.0
2025-12-12 21:06:50,606 [WARN] PackLoader:240 - Cannot read IP mode file for STMicroelectronics.X-CUBE-ST60.1.0.0
2025-12-12 21:06:50,718 [WARN] PackLoader:240 - Cannot read IP mode file for STMicroelectronics.X-CUBE-AZRTOS-F7.1.1.0
2025-12-12 21:06:50,838 [WARN] PackLoader:240 - Cannot read IP mode file for STMicroelectronics.FP-SNS-MOTENV1.5.1.0
2025-12-12 21:06:50,951 [WARN] PackLoader:240 - Cannot read IP mode file for Infineon.AIROC-Wi-Fi-Bluetooth-STM32.1.7.1
2025-12-12 21:06:51,335 [WARN] PackLoader:240 - Cannot read IP mode file for STMicroelectronics.X-CUBE-AZRTOS-H7.3.4.0
2025-12-12 21:06:51,411 [WARN] PackLoader:240 - Cannot read IP mode file for STMicroelectronics.X-CUBE-DISPLAY.3.0.0
2025-12-12 21:06:51,465 [WARN] PackLoader:240 - Cannot read IP mode file for STMicroelectronics.X-CUBE-NFC10.1.0.0
2025-12-12 21:06:51,531 [WARN] PackLoader:240 - Cannot read IP mode file for STMicroelectronics.X-CUBE-ST60.1.1.0
2025-12-12 21:06:51,609 [WARN] PackLoader:240 - Cannot read IP mode file for emotas.I-CUBE-CANOPEN.1.3.0
2025-12-12 21:06:51,682 [WARN] PackLoader:240 - Cannot read IP mode file for STMicroelectronics.X-CUBE-GNSS1.7.1.0
2025-12-12 21:06:52,044 [WARN] PackLoader:240 - Cannot read IP mode file for STMicroelectronics.FP-SNS-STBOX1.2.1.0
2025-12-12 21:06:52,287 [WARN] PackLoader:240 - Cannot read IP mode file for STMicroelectronics.FP-SNS-SMARTAG2.1.2.0
2025-12-12 21:06:52,334 [WARN] PackLoader:240 - Cannot read IP mode file for STMicroelectronics.FP-SNS-FLIGHT1.5.1.0
2025-12-12 21:06:52,429 [INFO] WebApp:463 - Apply proxy settings
2025-12-12 21:06:52,433 [INFO] WebApp:548 - Chromium requires no authentication
2025-12-12 21:06:52,442 [INFO] LogOutputStream:77 - [STDOUT_REDIRECT] 1 : Invalid condition id : UX_CORESTACK_Condition cause : null
2025-12-12 21:06:52,444 [INFO] LogOutputStream:77 - [STDOUT_REDIRECT] 1 : Invalid condition id : UX_CORESTACK_Condition cause : null
2025-12-12 21:06:52,447 [INFO] LogOutputStream:77 - [STDOUT_REDIRECT] 1 : Invalid condition id : UX_CORESTACK_Condition cause : null
2025-12-12 21:06:52,450 [INFO] LogOutputStream:77 - [STDOUT_REDIRECT] 1 : Invalid condition id : UX_CORESTACK_Condition cause : null
2025-12-12 21:06:52,452 [INFO] LogOutputStream:77 - [STDOUT_REDIRECT] 1 : Invalid condition id : UX_CORESTACK_Condition cause : null
2025-12-12 21:06:52,456 [WARN] PackLoader:240 - Cannot read IP mode file for STMicroelectronics.X-CUBE-AZRTOS-WL.2.0.0
2025-12-12 21:06:52,468 [INFO] WebApp:491 - Direct internet connection detected
2025-12-12 21:06:52,565 [WARN] PackLoader:240 - Cannot read IP mode file for STMicroelectronics.FP-SNS-MOTENV1.5.0.0
2025-12-12 21:06:52,594 [INFO] WebApp:900 - Register for checkConnection events
2025-12-12 21:06:52,595 [INFO] WebApp:463 - Apply proxy settings
2025-12-12 21:06:52,595 [INFO] WebApp:548 - Chromium requires no authentication
2025-12-12 21:06:52,595 [INFO] WebApp:491 - Direct internet connection detected
2025-12-12 21:06:52,625 [WARN] PackLoader:240 - Cannot read IP mode file for STMicroelectronics.X-CUBE-AZRTOS-H7RS.1.2.0
2025-12-12 21:06:52,666 [WARN] PackLoader:240 - Cannot read IP mode file for WES.I-CUBE-Cesium.1.3.0
2025-12-12 21:06:52,703 [WARN] PackLoader:240 - Cannot read IP mode file for STMicroelectronics.X-CUBE-BLE2.3.3.0
2025-12-12 21:06:52,889 [WARN] PackLoader:240 - Cannot read IP mode file for STMicroelectronics.X-CUBE-NFC9.1.0.0
2025-12-12 21:06:52,960 [WARN] PackLoader:240 - Cannot read IP mode file for wolfSSL.I-CUBE-wolfSSL.5.8.2
2025-12-12 21:06:53,004 [WARN] PackLoader:240 - Cannot read IP mode file for STMicroelectronics.X-CUBE-BLE1.7.1.0
2025-12-12 21:06:53,027 [WARN] PackLoader:240 - Cannot read IP mode file for wolfSSL.I-CUBE-wolfMQTT.1.19.2
2025-12-12 21:06:53,056 [WARN] PackLoader:240 - Cannot read IP mode file for STMicroelectronics.X-CUBE-FREERTOS.1.4.0
2025-12-12 21:06:53,106 [WARN] PackLoader:240 - Cannot read IP mode file for STMicroelectronics.X-CUBE-EEPRMA1.5.2.0
2025-12-12 21:06:53,150 [WARN] PackLoader:240 - Cannot read IP mode file for STMicroelectronics.X-CUBE-ST67W61.1.1.0
2025-12-12 21:06:53,233 [INFO] WebApp:225 - Starting web application
2025-12-12 21:06:53,237 [INFO] WebApp:593 - Web application path used C:\ST\STM32CubeIDE_1.19.0\STM32CubeIDE\plugins\com.st.stm32cube.common.mx_6.15.0.202507011659\db\plugins\mcufinder\reactClient1\index.html
2025-12-12 21:06:53,347 [WARN] PackLoader:240 - Cannot read IP mode file for STMicroelectronics.X-CUBE-MEMS1.12.0.0
2025-12-12 21:06:53,742 [INFO] UserAuth:487 - Internet connection configuration mode: 1
2025-12-12 21:06:54,221 [WARN] PackLoader:240 - Cannot read IP mode file for STMicroelectronics.X-CUBE-AZRTOS-G0.1.1.0
2025-12-12 21:06:54,447 [WARN] PackLoader:240 - Cannot read IP mode file for STMicroelectronics.X-CUBE-SAFEA1.1.2.2
2025-12-12 21:06:54,774 [WARN] PackLoader:240 - Cannot read IP mode file for STMicroelectronics.X-CUBE-NFC4.3.0.0
2025-12-12 21:06:54,921 [WARN] PackLoader:240 - Cannot read IP mode file for EmbeddedOffice.I-CUBE-FS-RTOS.1.0.1
2025-12-12 21:06:54,996 [WARN] PackLoader:240 - Cannot read IP mode file for STMicroelectronics.X-CUBE-WB05N.2.0.0
2025-12-12 21:06:55,145 [WARN] PackLoader:240 - Cannot read IP mode file for wolfSSL.I-CUBE-wolfTPM.3.8.0
2025-12-12 21:06:55,189 [WARN] PackLoader:240 - Cannot read IP mode file for STMicroelectronics.X-CUBE-TCPP.4.2.0
2025-12-12 21:06:55,243 [WARN] PackLoader:240 - Cannot read IP mode file for RealThread.X-CUBE-RT-Thread_Nano.4.1.1
2025-12-12 21:06:55,293 [WARN] PackLoader:240 - Cannot read IP mode file for STMicroelectronics.FP-ATR-SIGFOX1.3.2.0
2025-12-12 21:06:55,333 [WARN] PackLoader:240 - Cannot read IP mode file for ITTIA_DB.I-CUBE-ITTIADB.8.9.0
2025-12-12 21:06:55,437 [WARN] PackLoader:240 - Cannot read IP mode file for STMicroelectronics.X-CUBE-ST67W61.1.0.0
2025-12-12 21:06:55,547 [WARN] PackLoader:240 - Cannot read IP mode file for STMicroelectronics.X-CUBE-AI.10.2.0
2025-12-12 21:06:55,690 [INFO] WebApp:191 - Connection restablished
2025-12-12 21:06:55,729 [WARN] PackLoader:240 - Cannot read IP mode file for SEGGER.I-CUBE-embOS.1.3.1
2025-12-12 21:06:55,905 [WARN] PackLoader:240 - Cannot read IP mode file for STMicroelectronics.X-CUBE-ALGOBUILD.1.4.0
2025-12-12 21:06:56,557 [WARN] PackLoader:240 - Cannot read IP mode file for STMicroelectronics.X-CUBE-MEMS1.11.3.0
2025-12-12 21:06:57,379 [WARN] PackLoader:240 - Cannot read IP mode file for STMicroelectronics.X-CUBE-PM33A1.1.0.0
2025-12-12 21:06:57,614 [WARN] PackLoader:240 - Cannot read IP mode file for STMicroelectronics.X-CUBE-AZRTOS-F4.1.1.0
2025-12-12 21:06:57,776 [WARN] PackLoader:240 - Cannot read IP mode file for Avnet-IotConnect.X-CUBE-IoTC-DA16k-PMOD.1.0.0
2025-12-12 21:06:57,850 [WARN] PackLoader:240 - Cannot read IP mode file for STMicroelectronics.X-CUBE-ISPU.2.1.0
2025-12-12 21:06:58,047 [WARN] PackLoader:240 - Cannot read IP mode file for STMicroelectronics.X-CUBE-IPS.3.2.0
2025-12-12 21:06:58,144 [WARN] PackLoader:240 - Cannot read IP mode file for STMicroelectronics.X-CUBE-NFC12.1.0.0
2025-12-12 21:06:58,263 [WARN] PackLoader:240 - Cannot read IP mode file for STMicroelectronics.X-CUBE-AZRTOS-L5.2.0.0
2025-12-12 21:06:58,316 [WARN] PackLoader:240 - Cannot read IP mode file for STMicroelectronics.X-CUBE-NFC6.3.1.0
2025-12-12 21:06:58,355 [WARN] PackLoader:240 - Cannot read IP mode file for STMicroelectronics.X-CUBE-FREERTOS.1.3.1
2025-12-12 21:06:58,397 [WARN] PackLoader:240 - Cannot read IP mode file for STMicroelectronics.X-CUBE-TOUCHGFX.4.26.0
2025-12-12 21:06:58,479 [WARN] PackLoader:240 - Cannot read IP mode file for STMicroelectronics.FP-SNS-STAIOTCFT.1.0.0
2025-12-12 21:06:58,540 [WARN] PackLoader:240 - Cannot read IP mode file for STMicroelectronics.X-CUBE-DPower.1.3.0
2025-12-12 21:06:58,614 [WARN] ConditionMgr:438 - getConditionDescription Invalid condition id : LAN8742 Phy interface Condition cause : null
2025-12-12 21:06:58,614 [WARN] PackLoader:240 - Cannot read IP mode file for STMicroelectronics.X-CUBE-AZRTOS-L4.2.0.0
2025-12-12 21:06:58,616 [WARN] ConditionMgr:1044 - genDependencies : Invalid condition id : LAN8742 Phy interface Condition cause : null
2025-12-12 21:06:58,616 [WARN] ConditionMgr:1044 - genDependencies : Invalid condition id : LAN8742 Phy interface Condition cause : null
2025-12-12 21:06:58,616 [WARN] ConditionMgr:1044 - genDependencies : Invalid condition id : LAN8742 Phy interface Condition cause : null
2025-12-12 21:06:58,659 [WARN] PackLoader:240 - Cannot read IP mode file for STMicroelectronics.X-CUBE-SFXS2LP1.4.0.0
2025-12-12 21:06:58,740 [WARN] PackLoader:240 - Cannot read IP mode file for STMicroelectronics.X-CUBE-BLEMGR.4.1.0
2025-12-12 21:06:58,840 [WARN] ConditionMgr:438 - getConditionDescription Invalid condition id : UX DEVICE CLASS RTOS Condition cause : null
2025-12-12 21:06:58,842 [WARN] ConditionMgr:438 - getConditionDescription Invalid condition id : UX DEVICE CLASS RTOS Condition cause : null
2025-12-12 21:06:58,846 [WARN] PackLoader:240 - Cannot read IP mode file for STMicroelectronics.X-CUBE-AZRTOS-WB.2.0.0
2025-12-12 21:06:58,848 [WARN] ConditionMgr:1044 - genDependencies : Invalid condition id : UX DEVICE CLASS RTOS Condition cause : null
2025-12-12 21:06:58,848 [WARN] ConditionMgr:1044 - genDependencies : Invalid condition id : UX DEVICE CLASS RTOS Condition cause : null
2025-12-12 21:06:58,858 [WARN] ConditionMgr:1044 - genDependencies : Invalid condition id : UX DEVICE CLASS RTOS Condition cause : null
2025-12-12 21:06:58,860 [WARN] ConditionMgr:1044 - genDependencies : Invalid condition id : UX DEVICE CLASS RTOS Condition cause : null
2025-12-12 21:06:58,860 [WARN] ConditionMgr:1044 - genDependencies : Invalid condition id : UX DEVICE CLASS RTOS Condition cause : null
2025-12-12 21:06:58,949 [WARN] PackLoader:240 - Cannot read IP mode file for STMicroelectronics.X-CUBE-GNSS1.7.0.1
2025-12-12 21:06:59,060 [WARN] PackLoader:240 - Cannot read IP mode file for STMicroelectronics.X-CUBE-TOUCHGFX.4.25.0
2025-12-12 21:06:59,079 [WARN] ConditionMgr:438 - getConditionDescription Invalid condition id : Cortex-A Device cause : null
2025-12-12 21:06:59,129 [WARN] ConditionMgr:1044 - genDependencies : Invalid condition id : Cortex-A Device cause : null
2025-12-12 21:06:59,129 [WARN] ConditionMgr:1044 - genDependencies : Invalid condition id : Cortex-A Device cause : null
2025-12-12 21:06:59,129 [WARN] ConditionMgr:1044 - genDependencies : Invalid condition id : Cortex-A Device cause : null
2025-12-12 21:06:59,177 [WARN] PackLoader:240 - Cannot read IP mode file for STMicroelectronics.X-CUBE-SUBG2.5.0.0
2025-12-12 21:06:59,307 [WARN] PackLoader:240 - Cannot read IP mode file for STMicroelectronics.X-CUBE-AZRTOS-H7RS.1.1.0
2025-12-12 21:06:59,358 [WARN] PackLoader:240 - Cannot read IP mode file for Cesanta.I-CUBE-Mongoose.7.13.0
2025-12-12 21:06:59,414 [WARN] PackLoader:240 - Cannot read IP mode file for STMicroelectronics.X-CUBE-AZRTOS-G4.2.0.0
2025-12-12 21:06:59,435 [WARN] PackLoader:240 - Cannot read IP mode file for wolfSSL.I-CUBE-wolfSSH.1.4.20
2025-12-12 21:06:59,473 [WARN] PackLoader:240 - Cannot read IP mode file for STMicroelectronics.X-CUBE-NFC7.2.0.0
2025-12-12 21:06:59,543 [WARN] PackLoader:240 - Cannot read IP mode file for STMicroelectronics.X-CUBE-IPS.3.1.0
2025-12-12 21:06:59,606 [WARN] PackLoader:240 - Cannot read IP mode file for STMicroelectronics.X-CUBE-ALS.1.0.2
2025-12-12 21:06:59,648 [WARN] PackLoader:240 - Cannot read IP mode file for STMicroelectronics.X-CUBE-STSE01.1.0.0
2025-12-12 21:06:59,699 [WARN] PackLoader:240 - Cannot read IP mode file for portGmbH.I-Cube-SoM-uGOAL.1.1.0
2025-12-12 21:06:59,810 [WARN] PackLoader:240 - Cannot read IP mode file for STMicroelectronics.X-CUBE-TOF1.3.4.3
2025-12-12 21:06:59,844 [INFO] ThirdParty:978 - Integrity check success = true
2025-12-12 21:06:59,844 [INFO] IntegrityCheckThread:100 - exiting critical section [integrity check]
2025-12-12 21:06:59,844 [INFO] IntegrityCheckThread:103 - End integrity checks thread
2025-12-12 22:35:26,575 [INFO] WebApp:403 - JxBrowser engine has been closed 
2025-12-12 22:57:04,013 [ERROR] ConfigurationRetriever:142 - IOException on connection: sw-center.st.com
2025-12-12 22:57:04,016 [ERROR] ConfigurationRetriever:142 - IOException on connection: sw-center.st.com
2025-12-12 22:57:04,018 [ERROR] ConfigurationRetriever:142 - IOException on connection: sw-center.st.com
2025-12-12 22:57:06,109 [ERROR] LogOutputStream:75 - [STDERR_REDIRECT] 
2025-12-12 22:57:06,113 [ERROR] LogOutputStream:75 - [STDERR_REDIRECT] 
