19:11:25 **** Incremental Build of configuration Debug for project SPI ****
make -j4 all 
arm-none-eabi-gcc "../Core/Src/main.c" -mcpu=cortex-m4 -std=gnu11 -g3 -DDEBUG -DUSE_HAL_DRIVER -DSTM32F446xx -c -I../Core/Inc -I../Drivers/STM32F4xx_HAL_Driver/Inc -I../Drivers/STM32F4xx_HAL_Driver/Inc/Legacy -I../Drivers/CMSIS/Device/ST/STM32F4xx/Include -I../Drivers/CMSIS/Include -O0 -ffunction-sections -fdata-sections -Wall -fstack-usage -fcyclomatic-complexity -MMD -MP -MF"Core/Src/main.d" -MT"Core/Src/main.o" --specs=nano.specs -mfpu=fpv4-sp-d16 -mfloat-abi=hard -mthumb -o "Core/Src/main.o"
../Core/Src/main.c: In function 'main':
../Core/Src/main.c:84:22: warning: variable 'temp' set but not used [-Wunused-but-set-variable]
   84 |     volatile uint8_t temp;
      |                      ^~~~
../Core/Src/main.c:33:17: warning: variable 'spi1_rx_data' set but not used [-Wunused-but-set-variable]
   33 |         uint8_t spi1_rx_data[3];   //Dummy data received by SPI1 (MASTER)
      |                 ^~~~~~~~~~~~
arm-none-eabi-gcc -o "SPI.elf" @"objects.list"   -mcpu=cortex-m4 -T"C:\Users\akhil\STM32_BareMetal_Practice\SPI\STM32F446RETX_FLASH.ld" --specs=nosys.specs -Wl,-Map="SPI.map" -Wl,--gc-sections -static --specs=nano.specs -mfpu=fpv4-sp-d16 -mfloat-abi=hard -mthumb -Wl,--start-group -lc -lm -Wl,--end-group
Finished building target: SPI.elf
 
arm-none-eabi-size  SPI.elf 
arm-none-eabi-objdump -h -S SPI.elf  > "SPI.list"
   text	   data	    bss	    dec	    hex	filename
   1836	      4	   1572	   3412	    d54	SPI.elf
Finished building: default.size.stdout
 
Finished building: SPI.list
 
19:27:10 **** Incremental Build of configuration Debug for project SPI ****
make -j4 all 
arm-none-eabi-size  SPI.elf 
   text	   data	    bss	    dec	    hex	filename
   1836	      4	   1572	   3412	    d54	SPI.elf
Finished building: default.size.stdout
 
